<?xml version="1.0" encoding="UTF-8"?>
<testsuite name="RobotTest" tests="18" skipped="0" failures="0" errors="0" timestamp="2022-07-18T21:43:15" hostname="NT-IT-LT-2170" time="0.011">
  <properties/>
  <testcase name="movingWestAndNorth" classname="RobotTest" time="0.008"/>
  <testcase name="movingWestAndSouth" classname="RobotTest" time="0.0"/>
  <testcase name="atNegativePositionFacingSouth" classname="RobotTest" time="0.0"/>
  <testcase name="movingEastAndNorth" classname="RobotTest" time="0.0"/>
  <testcase name="changesNorthToEast" classname="RobotTest" time="0.0"/>
  <testcase name="changesNorthToWest" classname="RobotTest" time="0.0"/>
  <testcase name="changesEastToNorth" classname="RobotTest" time="0.0"/>
  <testcase name="changesEastToSouth" classname="RobotTest" time="0.0"/>
  <testcase name="facingWestDecrementsX" classname="RobotTest" time="0.0"/>
  <testcase name="atOriginFacingNorth" classname="RobotTest" time="0.001"/>
  <testcase name="facingSouthDecrementsY" classname="RobotTest" time="0.0"/>
  <testcase name="movingEastAndNorthFromReadme" classname="RobotTest" time="0.0"/>
  <testcase name="changesWestToNorth" classname="RobotTest" time="0.0"/>
  <testcase name="changesWestToSouth" classname="RobotTest" time="0.0"/>
  <testcase name="facingNorthIncrementsY" classname="RobotTest" time="0.0"/>
  <testcase name="changesSouthToEast" classname="RobotTest" time="0.0"/>
  <testcase name="changesSouthToWest" classname="RobotTest" time="0.0"/>
  <testcase name="facingEastIncrementsX" classname="RobotTest" time="0.0"/>
  <system-out><![CDATA[]]></system-out>
  <system-err><![CDATA[]]></system-err>
</testsuite>
